c:\users\nik\desktop\tenshi\xandarrrebellion\xandarrrebellionframework\debug\vc120.pdb
c:\users\nik\desktop\tenshi\xandarrrebellion\xandarrrebellionframework\debug\vc120.idb
c:\users\nik\desktop\tenshi\xandarrrebellion\xandarrrebellionframework\debug\gameengine.obj
c:\users\nik\desktop\tenshi\xandarrrebellion\xandarrrebellionframework\debug\gameplaystate.obj
c:\users\nik\desktop\tenshi\xandarrrebellion\xandarrrebellionframework\debug\gamestatemanager.obj
c:\users\nik\desktop\tenshi\xandarrrebellion\xandarrrebellionframework\debug\hud.obj
c:\users\nik\desktop\tenshi\xandarrrebellion\xandarrrebellionframework\debug\item.obj
c:\users\nik\desktop\tenshi\xandarrrebellion\xandarrrebellionframework\debug\level.obj
c:\users\nik\desktop\tenshi\xandarrrebellion\xandarrrebellionframework\debug\loadingstate.obj
c:\users\nik\desktop\tenshi\xandarrrebellion\xandarrrebellionframework\debug\main.obj
c:\users\nik\desktop\tenshi\xandarrrebellion\xandarrrebellionframework\debug\mainmenustate.obj
c:\users\nik\desktop\tenshi\xandarrrebellion\xandarrrebellionframework\debug\npc.obj
c:\users\nik\desktop\tenshi\xandarrrebellion\xandarrrebellionframework\debug\player.obj
c:\users\nik\desktop\tenshi\xandarrrebellion\xandarrrebellionframework\debug\renderingengine.obj
c:\users\nik\desktop\tenshi\xandarrrebellion\xandarrrebellionframework\debug\rendertarget.obj
c:\users\nik\desktop\tenshi\xandarrrebellion\xandarrrebellionframework\debug\splashstate.obj
c:\users\nik\desktop\tenshi\xandarrrebellion\xandarrrebellionframework\debug\teamcredits.obj
c:\users\nik\desktop\tenshi\xandarrrebellion\xandarrrebellionframework\debug\texture.obj
c:\users\nik\desktop\tenshi\xandarrrebellion\xandarrrebellionframework\debug\textwindow.obj
c:\users\nik\desktop\tenshi\xandarrrebellion\xandarrrebellionframework\debug\timer.obj
c:\users\nik\desktop\tenshi\xandarrrebellion\xandarrrebellionframework\debug\window.obj
c:\users\nik\desktop\tenshi\xandarrrebellion\xandarrrebellionframework\debug\button.obj
c:\users\nik\desktop\tenshi\xandarrrebellion\xandarrrebellionframework\debug\creditsstate.obj
c:\users\nik\desktop\tenshi\xandarrrebellion\xandarrrebellionframework\debug\enemy.obj
c:\users\nik\desktop\tenshi\xandarrrebellion\xandarrrebellionframework\debug\inventory.obj
c:\users\nik\desktop\tenshi\xandarrrebellion\debug\xandarrrebellionframework.ilk
c:\users\nik\desktop\tenshi\xandarrrebellion\debug\xandarrrebellionframework.exe
c:\users\nik\desktop\tenshi\xandarrrebellion\debug\xandarrrebellionframework.pdb
c:\users\nik\desktop\tenshi\xandarrrebellion\xandarrrebellionframework\debug\xandarrr.89dda274.tlog\cl.command.1.tlog
c:\users\nik\desktop\tenshi\xandarrrebellion\xandarrrebellionframework\debug\xandarrr.89dda274.tlog\cl.read.1.tlog
c:\users\nik\desktop\tenshi\xandarrrebellion\xandarrrebellionframework\debug\xandarrr.89dda274.tlog\cl.write.1.tlog
c:\users\nik\desktop\tenshi\xandarrrebellion\xandarrrebellionframework\debug\xandarrr.89dda274.tlog\link.command.1.tlog
c:\users\nik\desktop\tenshi\xandarrrebellion\xandarrrebellionframework\debug\xandarrr.89dda274.tlog\link.read.1.tlog
c:\users\nik\desktop\tenshi\xandarrrebellion\xandarrrebellionframework\debug\xandarrr.89dda274.tlog\link.write.1.tlog
