Build started 2014-10-17 8:13:58 PM.
     1>Project "C:\GameDev\_Projects\WorkingTitle\XandarrRebellion2.0\XandarrRebellionFramework\XandarrRebellionFramework.vcxproj" on node 2 (Build target(s)).
     1>ClCompile:
         C:\Program Files (x86)\Microsoft Visual Studio 12.0\VC\bin\CL.exe /c /ZI /nologo /W3 /WX- /Od /Oy- /D WIN32 /D _DEBUG /D _CONSOLE /D _UNICODE /D UNICODE /Gm /EHsc /RTC1 /MDd /GS /fp:precise /Zc:wchar_t /Zc:forScope /Fo"Debug\\" /Fd"Debug\vc120.pdb" /Gd /TP /analyze- /errorReport:prompt Button.cpp CreditsState.cpp Enemy.cpp GameEngine.cpp GameplayState.cpp GameStateManager.cpp HUD.cpp Inventory.cpp Item.cpp Level.cpp LoadingState.cpp main.cpp MainMenuState.cpp NPC.cpp Player.cpp RenderingEngine.cpp RenderTarget.cpp SplashState.cpp TeamCredits.cpp Texture.cpp TextWindow.cpp Timer.cpp Window.cpp
         Window.cpp
         Timer.cpp
         TextWindow.cpp
     1>c:\gamedev\_projects\workingtitle\xandarrrebellion2.0\xandarrrebellionframework\textwindow.cpp(13): warning C4305: 'argument' : truncation from 'double' to 'const float'
         Texture.cpp
         TeamCredits.cpp
         SplashState.cpp
         RenderTarget.cpp
         RenderingEngine.cpp
         Player.cpp
         NPC.cpp
         MainMenuState.cpp
         main.cpp
         LoadingState.cpp
         Level.cpp
         Item.cpp
         Inventory.cpp
     1>c:\gamedev\_projects\workingtitle\xandarrrebellion2.0\xandarrrebellionframework\inventory.cpp(8): warning C4305: 'argument' : truncation from 'double' to 'const float'
         HUD.cpp
         GameStateManager.cpp
         GameplayState.cpp
         GameEngine.cpp
         Generating Code...
         Compiling...
         Enemy.cpp
         CreditsState.cpp
         Button.cpp
         Generating Code...
       Link:
         C:\Program Files (x86)\Microsoft Visual Studio 12.0\VC\bin\link.exe /ERRORREPORT:PROMPT /OUT:"C:\GameDev\_Projects\WorkingTitle\XandarrRebellion2.0\Debug\XandarrRebellionFramework.exe" /INCREMENTAL /NOLOGO SDL2.lib SDL2main.lib SDL2_ttf.lib SDL2_image.lib kernel32.lib user32.lib gdi32.lib winspool.lib comdlg32.lib advapi32.lib shell32.lib ole32.lib oleaut32.lib uuid.lib odbc32.lib odbccp32.lib /MANIFEST /MANIFESTUAC:"level='asInvoker' uiAccess='false'" /manifest:embed /DEBUG /PDB:"C:\GameDev\_Projects\WorkingTitle\XandarrRebellion2.0\Debug\XandarrRebellionFramework.pdb" /SUBSYSTEM:CONSOLE /TLBID:1 /DYNAMICBASE /NXCOMPAT /IMPLIB:"C:\GameDev\_Projects\WorkingTitle\XandarrRebellion2.0\Debug\XandarrRebellionFramework.lib" /MACHINE:X86 Debug\Button.obj
         Debug\CreditsState.obj
         Debug\Enemy.obj
         Debug\GameEngine.obj
         Debug\GameplayState.obj
         Debug\GameStateManager.obj
         Debug\HUD.obj
         Debug\Inventory.obj
         Debug\Item.obj
         Debug\Level.obj
         Debug\LoadingState.obj
         Debug\main.obj
         Debug\MainMenuState.obj
         Debug\NPC.obj
         Debug\Player.obj
         Debug\RenderingEngine.obj
         Debug\RenderTarget.obj
         Debug\SplashState.obj
         Debug\TeamCredits.obj
         Debug\Texture.obj
         Debug\TextWindow.obj
         Debug\Timer.obj
         Debug\Window.obj
     1>MSVCRTD.lib(cinitexe.obj) : warning LNK4098: defaultlib 'msvcrt.lib' conflicts with use of other libs; use /NODEFAULTLIB:library
         XandarrRebellionFramework.vcxproj -> C:\GameDev\_Projects\WorkingTitle\XandarrRebellion2.0\Debug\XandarrRebellionFramework.exe
     1>Done Building Project "C:\GameDev\_Projects\WorkingTitle\XandarrRebellion2.0\XandarrRebellionFramework\XandarrRebellionFramework.vcxproj" (Build target(s)).

Build succeeded.

Time Elapsed 00:00:08.37
